125
49
200
183
2
198
79
50
109
51
17
106
61
113
114
29
41
176
155
24
75
81
156
83
133
5
40
56
95
42
178
196
173
20
38
124
179
28
185
102
128
171
11
153
119
82
35
80
105
100
66
129
123
165
55
180
22
182
141
62
52
48
159
90
7
94
149
96
15
26
193
121
140
130
152
188
58
73
44
112
64
190
72
13
9
136
154
169
10
157
93
87
166
60
134
32
69
1
101
122
168
57
16
36
158
74
92
86
127
47
110
104
25
98
143
126
132
148
145
103
161
84
27
191
181
162
59
33
116
65
199
151
43
67
23
174
14
8
99
170
34
6
19
4
88
120
118
97
12
164
117
30
167
137
77
189
146
71
70
142
187
18
91
163
76
107
46
150
138
172
135
115
54
195
45
192
37
111
39
184
139
31
186
78
197
89
160
108
63
68
175
53
85
3
21
194
131
144
147
177
