150
143
157
107
117
20
114
121
119
14
78
176
23
96
120
68
79
183
190
198
58
148
161
159
160
28
144
93
3
21
88
26
86
139
118
87
137
4
106
193
179
196
82
9
200
103
17
125
37
50
72
49
44
195
63
186
169
170
91
12
132
178
192
6
36
33
135
156
97
152
123
24
175
39
34
168
194
126
124
27
191
110
146
1
41
85
77
83
95
61
45
7
111
199
140
71
51
75
129
31
164
177
84
55
2
16
89
43
38
105
35
104
98
163
173
185
47
180
154
80
22
29
69
8
184
128
18
19
99
73
136
59
174
13
147
65
42
116
67
171
112
189
54
131
134
188
158
155
76
122
165
52
133
181
182
94
197
141
64
46
100
5
153
48
66
142
60
113
127
10
92
32
56
172
145
108
11
62
57
138
53
101
30
167
74
162
81
187
166
130
40
149
109
115
15
151
90
70
25
102
