139
97
25
2
5
13
95
38
12
136
1
47
53
26
7
30
24
19
10
11
20
106
135
114
28
70
45
49
15
18
17
23
62
41
73
21
162
137
40
35
29
34
72
36
109
52
33
67
32
87
43
63
100
42
76
48
147
46
44
77
60
84
65
54
90
56
50
51
83
125
58
64
57
96
55
80
93
74
61
71
122
68
86
102
66
94
69
103
88
78
81
75
92
124
89
82
99
98
91
128
111
117
104
133
113
116
101
120
108
123
110
127
105
107
130
132
129
118
134
126
112
119
146
115
141
6
79
163
121
39
142
165
138
131
157
143
160
158
154
31
8
159
150
161
156
144
27
145
148
153
149
155
151
37
152
4
59
169
85
