3
7
9
8
4
5
6
13
15
10
11
25
12
14
19
23
16
17
18
20
21
22
27
24
26
28
29
30
31
39
32
36
34
33
35
38
47
37
41
40
45
44
42
43
54
46
48
49
2
50
51
52
53
55
69
57
56
58
60
59
68
61
62
63
64
65
66
67
71
70
77
72
76
73
74
75
78
80
79
81
82
83
85
84
90
87
86
92
88
89
94
91
95
93
98
96
99
97
100
101
102
109
105
103
104
106
107
111
108
110
113
112
116
114
118
115
117
122
119
120
121
124
127
123
125
126
1
131
128
129
130
132
134
133
135
140
136
137
138
139
142
141
144
143
147
145
146
148
150
149
151
153
152
156
154
155
157
158
164
159
160
161
162
163
168
165
166
167
169
170
172
171
174
173
175
176
178
177
180
179
