1
3
2
7
6
5
4
8
9
10
11
12
13
14
15
16
17
18
19
20
21
22
34
23
24
25
37
36
35
26
27
38
28
29
30
31
32
39
33
41
42
40
43
44
45
46
47
48
49
50
51
52
53
54
55
56
57
58
59
60
61
62
63
64
65
66
67
68
69
70
71
72
74
75
76
77
78
73
79
80
81
82
83
84
85
86
87
88
89
90
91
92
93
94
95
96
97
98
99
110
100
101
111
102
112
103
109
116
104
105
106
114
107
113
117
115
108
118
120
119
121
122
124
123
125
126
127
128
129
130
131
132
133
134
135
136
137
138
139
140
141
142
143
144
145
146
147
148
149
150
151
152
153
154
155
156
157
158
159
160
161
162
163
173
164
165
166
167
175
174
168
169
170
171
172
177
178
179
176
180
181
182
183
184
185
186
187
188
189
190
191
200
192
193
199
194
195
196
197
198
