181
81
197
55
186
110
198
71
151
145
15
169
19
182
199
117
72
87
7
167
3
143
188
126
142
33
97
115
17
5
74
200
195
130
144
146
132
92
43
180
35
113
66
140
177
100
170
68
91
127
44
12
162
164
156
60
185
51
107
157
133
80
76
123
108
189
119
84
13
61
187
54
6
149
63
190
105
73
154
175
1
46
184
118
173
98
165
129
67
112
128
18
42
160
24
192
93
174
111
36
8
85
168
47
116
96
94
141
166
14
57
20
135
196
103
104
65
30
172
16
109
102
28
48
114
90
153
26
78
4
40
2
194
49
152
11
37
9
45
161
83
27
77
88
159
69
150
89
64
31
23
56
171
34
58
52
70
191
39
29
22
183
138
125
62
95
86
99
148
139
176
178
53
163
25
179
41
79
10
59
136
21
106
82
122
131
193
50
32
75
101
158
124
134
121
38
137
155
147
120
